[ 2015-12-03T14:45:53+08:00 ] 127.0.0.1 /demo/webbookmarker/index.php/Home/BookMarker/ShowAll
INFO: [ app_init ] --START--
INFO: Run Behavior\BuildLiteBehavior [ RunTime:0.000027s ]
INFO: [ app_init ] --END-- [ RunTime:0.000536s ]
INFO: [ app_begin ] --START--
INFO: Run Behavior\ReadHtmlCacheBehavior [ RunTime:0.001716s ]
INFO: [ app_begin ] --END-- [ RunTime:0.001899s ]
SQL: SHOW COLUMNS FROM `web_marker` [ RunTime:0.0195s ]
SQL: SELECT * FROM `web_marker`  [ RunTime:0.0003s ]
INFO: [ app_end ] --START--
INFO: Run Behavior\ShowPageTraceBehavior [ RunTime:0.000853s ]
INFO: [ app_end ] --END-- [ RunTime:0.000949s ]

[ 2015-12-03T14:52:08+08:00 ] 127.0.0.1 /demo/webbookmarker/index.php/Home/BookMarker/ShowAll
INFO: [ app_init ] --START--
INFO: Run Behavior\BuildLiteBehavior [ RunTime:0.000026s ]
INFO: [ app_init ] --END-- [ RunTime:0.000513s ]
INFO: [ app_begin ] --START--
INFO: Run Behavior\ReadHtmlCacheBehavior [ RunTime:0.000891s ]
INFO: [ app_begin ] --END-- [ RunTime:0.001043s ]
SQL: SHOW COLUMNS FROM `web_marker` [ RunTime:0.0045s ]
SQL: SELECT * FROM `web_marker`  [ RunTime:0.0003s ]
INFO: [ app_end ] --START--
INFO: Run Behavior\ShowPageTraceBehavior [ RunTime:0.001003s ]
INFO: [ app_end ] --END-- [ RunTime:0.001130s ]

[ 2015-12-03T14:56:54+08:00 ] 127.0.0.1 /demo/webbookmarker/index.php/Home/BookMarker/ShowAll
INFO: [ app_init ] --START--
INFO: Run Behavior\BuildLiteBehavior [ RunTime:0.000024s ]
INFO: [ app_init ] --END-- [ RunTime:0.000482s ]
INFO: [ app_begin ] --START--
INFO: Run Behavior\ReadHtmlCacheBehavior [ RunTime:0.001135s ]
INFO: [ app_begin ] --END-- [ RunTime:0.001274s ]
SQL: SHOW COLUMNS FROM `web_marker` [ RunTime:0.0040s ]
SQL: SELECT * FROM `web_marker`  [ RunTime:0.0004s ]
INFO: [ app_end ] --START--
INFO: Run Behavior\ShowPageTraceBehavior [ RunTime:0.001016s ]
INFO: [ app_end ] --END-- [ RunTime:0.001139s ]

[ 2015-12-03T14:56:56+08:00 ] 127.0.0.1 /demo/webbookmarker/index.php/Home/BookMarker/Add?title=&url=&_=1449125813936
INFO: [ app_init ] --START--
INFO: Run Behavior\BuildLiteBehavior [ RunTime:0.000024s ]
INFO: [ app_init ] --END-- [ RunTime:0.000558s ]
INFO: [ app_begin ] --START--
INFO: Run Behavior\ReadHtmlCacheBehavior [ RunTime:0.001742s ]
INFO: [ app_begin ] --END-- [ RunTime:0.001948s ]
NOTIC: [2] file_get_contents() [<a href='function.file-get-contents'>function.file-get-contents</a>]: Filename cannot be empty C:\wamp\www\demo\webbookmarker\Application\Home\Controller\simple_html_dom.php 第 76 行.
INFO: [ app_end ] --START--
INFO: Run Behavior\ShowPageTraceBehavior [ RunTime:0.002038s ]
INFO: [ app_end ] --END-- [ RunTime:0.002460s ]

[ 2015-12-03T14:57:56+08:00 ] 127.0.0.1 /demo/webbookmarker/index.php/Home/BookMarker/Add?title=%E7%99%BE%E5%BA%A6&url=www.baidu.com&_=1449125813937
INFO: [ app_init ] --START--
INFO: Run Behavior\BuildLiteBehavior [ RunTime:0.000029s ]
INFO: [ app_init ] --END-- [ RunTime:0.000644s ]
INFO: [ app_begin ] --START--
INFO: Run Behavior\ReadHtmlCacheBehavior [ RunTime:0.000915s ]
INFO: [ app_begin ] --END-- [ RunTime:0.001043s ]
NOTIC: [2] file_get_contents(www.baidu.com) [<a href='function.file-get-contents'>function.file-get-contents</a>]: failed to open stream: No such file or directory C:\wamp\www\demo\webbookmarker\Application\Home\Controller\simple_html_dom.php 第 76 行.
INFO: [ app_end ] --START--
INFO: Run Behavior\ShowPageTraceBehavior [ RunTime:0.000908s ]
INFO: [ app_end ] --END-- [ RunTime:0.001078s ]

[ 2015-12-03T15:06:03+08:00 ] 127.0.0.1 /demo/webbookmarker/index.php/Home/BookMarker/Add?title=%E7%99%BE%E5%BA%A6&url=www.baidu.com&_=1449125813938
INFO: [ app_init ] --START--
INFO: Run Behavior\BuildLiteBehavior [ RunTime:0.000022s ]
INFO: [ app_init ] --END-- [ RunTime:0.000514s ]
INFO: [ app_begin ] --START--
INFO: Run Behavior\ReadHtmlCacheBehavior [ RunTime:0.000853s ]
INFO: [ app_begin ] --END-- [ RunTime:0.000975s ]

[ 2015-12-03T15:07:44+08:00 ] 127.0.0.1 /demo/webbookmarker/index.php/Home/BookMarker/Add?title=%E7%99%BE%E5%BA%A6&url=www.baidu.com&_=1449125813939
INFO: [ app_init ] --START--
INFO: Run Behavior\BuildLiteBehavior [ RunTime:0.000040s ]
INFO: [ app_init ] --END-- [ RunTime:0.000842s ]
INFO: [ app_begin ] --START--
INFO: Run Behavior\ReadHtmlCacheBehavior [ RunTime:0.000752s ]
INFO: [ app_begin ] --END-- [ RunTime:0.000846s ]
NOTIC: [2] file_get_contents(www.baidu.com) [<a href='function.file-get-contents'>function.file-get-contents</a>]: failed to open stream: No such file or directory C:\wamp\www\demo\webbookmarker\Application\Home\Controller\simple_html_dom.php 第 76 行.

[ 2015-12-03T15:09:08+08:00 ] 127.0.0.1 /demo/webbookmarker/index.php/Home/BookMarker/Add?title=%E7%99%BE%E5%BA%A6&url=https%3A%2F%2Fwww.baidu.com%2F&_=1449125813940
INFO: [ app_init ] --START--
INFO: Run Behavior\BuildLiteBehavior [ RunTime:0.000035s ]
INFO: [ app_init ] --END-- [ RunTime:0.000630s ]
INFO: [ app_begin ] --START--
INFO: Run Behavior\ReadHtmlCacheBehavior [ RunTime:0.000875s ]
INFO: [ app_begin ] --END-- [ RunTime:0.001003s ]
NOTIC: [2] file_get_contents() [<a href='function.file-get-contents'>function.file-get-contents</a>]: Unable to find the wrapper &quot;https&quot; - did you forget to enable it when you configured PHP? C:\wamp\www\demo\webbookmarker\Application\Home\Controller\simple_html_dom.php 第 76 行.
NOTIC: [2] file_get_contents(https://www.baidu.com/) [<a href='function.file-get-contents'>function.file-get-contents</a>]: failed to open stream: Invalid argument C:\wamp\www\demo\webbookmarker\Application\Home\Controller\simple_html_dom.php 第 76 行.

[ 2015-12-03T15:10:08+08:00 ] 127.0.0.1 /demo/webbookmarker/index.php/Home/BookMarker/Add?title=%E7%99%BE%E5%BA%A6&url=https%3A%2F%2Fwww.baidu.com%2F&_=1449125813941
INFO: [ app_init ] --START--
INFO: Run Behavior\BuildLiteBehavior [ RunTime:0.000026s ]
INFO: [ app_init ] --END-- [ RunTime:0.000504s ]
INFO: [ app_begin ] --START--
INFO: Run Behavior\ReadHtmlCacheBehavior [ RunTime:0.001595s ]
INFO: [ app_begin ] --END-- [ RunTime:0.001790s ]
NOTIC: [2] file_get_contents() [<a href='function.file-get-contents'>function.file-get-contents</a>]: Unable to find the wrapper &quot;https&quot; - did you forget to enable it when you configured PHP? C:\wamp\www\demo\webbookmarker\Application\Home\Controller\simple_html_dom.php 第 76 行.
NOTIC: [2] file_get_contents(https://www.baidu.com/) [<a href='function.file-get-contents'>function.file-get-contents</a>]: failed to open stream: Invalid argument C:\wamp\www\demo\webbookmarker\Application\Home\Controller\simple_html_dom.php 第 76 行.

[ 2015-12-03T15:10:17+08:00 ] 127.0.0.1 /demo/webbookmarker/index.php/Home/BookMarker/ShowAll
INFO: [ app_init ] --START--
INFO: Run Behavior\BuildLiteBehavior [ RunTime:0.000021s ]
INFO: [ app_init ] --END-- [ RunTime:0.000519s ]
INFO: [ app_begin ] --START--
INFO: Run Behavior\ReadHtmlCacheBehavior [ RunTime:0.001230s ]
INFO: [ app_begin ] --END-- [ RunTime:0.001383s ]
SQL: SHOW COLUMNS FROM `web_marker` [ RunTime:0.0063s ]
SQL: SELECT * FROM `web_marker`  [ RunTime:0.0004s ]
INFO: [ app_end ] --START--
INFO: Run Behavior\ShowPageTraceBehavior [ RunTime:0.000821s ]
INFO: [ app_end ] --END-- [ RunTime:0.000962s ]

[ 2015-12-03T15:10:19+08:00 ] 127.0.0.1 /demo/webbookmarker/index.php/Home/BookMarker/Add?title=%E7%99%BE%E5%BA%A6&url=https%3A%2F%2Fwww.baidu.com%2F&_=1449126616914
INFO: [ app_init ] --START--
INFO: Run Behavior\BuildLiteBehavior [ RunTime:0.000027s ]
INFO: [ app_init ] --END-- [ RunTime:0.000623s ]
INFO: [ app_begin ] --START--
INFO: Run Behavior\ReadHtmlCacheBehavior [ RunTime:0.000708s ]
INFO: [ app_begin ] --END-- [ RunTime:0.000830s ]
NOTIC: [2] file_get_contents() [<a href='function.file-get-contents'>function.file-get-contents</a>]: Unable to find the wrapper &quot;https&quot; - did you forget to enable it when you configured PHP? C:\wamp\www\demo\webbookmarker\Application\Home\Controller\simple_html_dom.php 第 76 行.
NOTIC: [2] file_get_contents(https://www.baidu.com/) [<a href='function.file-get-contents'>function.file-get-contents</a>]: failed to open stream: Invalid argument C:\wamp\www\demo\webbookmarker\Application\Home\Controller\simple_html_dom.php 第 76 行.

[ 2015-12-03T15:10:50+08:00 ] 127.0.0.1 /demo/webbookmarker/index.php/Home/BookMarker/ShowAll
INFO: [ app_init ] --START--
INFO: Run Behavior\BuildLiteBehavior [ RunTime:0.000027s ]
INFO: [ app_init ] --END-- [ RunTime:0.000511s ]
INFO: [ app_begin ] --START--
INFO: Run Behavior\ReadHtmlCacheBehavior [ RunTime:0.001979s ]
INFO: [ app_begin ] --END-- [ RunTime:0.002604s ]
SQL: SHOW COLUMNS FROM `web_marker` [ RunTime:0.0049s ]
SQL: SELECT * FROM `web_marker`  [ RunTime:0.0005s ]
INFO: [ app_end ] --START--
INFO: Run Behavior\ShowPageTraceBehavior [ RunTime:0.001138s ]
INFO: [ app_end ] --END-- [ RunTime:0.001303s ]

[ 2015-12-03T15:10:53+08:00 ] 127.0.0.1 /demo/webbookmarker/index.php/Home/BookMarker/Add?title=%E7%99%BE%E5%BA%A6&url=https%3A%2F%2Fwww.baidu.com%2F&_=1449126650374
INFO: [ app_init ] --START--
INFO: Run Behavior\BuildLiteBehavior [ RunTime:0.000026s ]
INFO: [ app_init ] --END-- [ RunTime:0.000505s ]
INFO: [ app_begin ] --START--
INFO: Run Behavior\ReadHtmlCacheBehavior [ RunTime:0.001301s ]
INFO: [ app_begin ] --END-- [ RunTime:0.001464s ]
NOTIC: [2] file_get_contents() [<a href='function.file-get-contents'>function.file-get-contents</a>]: Unable to find the wrapper &quot;https&quot; - did you forget to enable it when you configured PHP? C:\wamp\www\demo\webbookmarker\Application\Home\Controller\simple_html_dom.php 第 76 行.
NOTIC: [2] file_get_contents(https://www.baidu.com/) [<a href='function.file-get-contents'>function.file-get-contents</a>]: failed to open stream: Invalid argument C:\wamp\www\demo\webbookmarker\Application\Home\Controller\simple_html_dom.php 第 76 行.

[ 2015-12-03T15:11:45+08:00 ] 127.0.0.1 /demo/webbookmarker/index.php/Home/BookMarker/ShowAll
INFO: [ app_init ] --START--
INFO: Run Behavior\BuildLiteBehavior [ RunTime:0.000039s ]
INFO: [ app_init ] --END-- [ RunTime:0.000592s ]
INFO: [ app_begin ] --START--
INFO: Run Behavior\ReadHtmlCacheBehavior [ RunTime:0.001285s ]
INFO: [ app_begin ] --END-- [ RunTime:0.001439s ]
SQL: SHOW COLUMNS FROM `web_marker` [ RunTime:0.0041s ]
SQL: SELECT * FROM `web_marker`  [ RunTime:0.0003s ]
INFO: [ app_end ] --START--
INFO: Run Behavior\ShowPageTraceBehavior [ RunTime:0.000803s ]
INFO: [ app_end ] --END-- [ RunTime:0.000890s ]

[ 2015-12-03T15:11:47+08:00 ] 127.0.0.1 /demo/webbookmarker/index.php/Home/BookMarker/Add?title=%E7%99%BE%E5%BA%A6&url=https%3A%2F%2Fwww.baidu.com%2F&_=1449126705407
INFO: [ app_init ] --START--
INFO: Run Behavior\BuildLiteBehavior [ RunTime:0.000034s ]
INFO: [ app_init ] --END-- [ RunTime:0.000872s ]
INFO: [ app_begin ] --START--
INFO: Run Behavior\ReadHtmlCacheBehavior [ RunTime:0.001200s ]
INFO: [ app_begin ] --END-- [ RunTime:0.001355s ]
NOTIC: [2] file_get_contents() [<a href='function.file-get-contents'>function.file-get-contents</a>]: Unable to find the wrapper &quot;https&quot; - did you forget to enable it when you configured PHP? C:\wamp\www\demo\webbookmarker\Application\Home\Controller\simple_html_dom.php 第 76 行.
NOTIC: [2] file_get_contents(https://www.baidu.com/) [<a href='function.file-get-contents'>function.file-get-contents</a>]: failed to open stream: Invalid argument C:\wamp\www\demo\webbookmarker\Application\Home\Controller\simple_html_dom.php 第 76 行.

[ 2015-12-03T15:19:46+08:00 ] 127.0.0.1 /demo/webbookmarker/index.php/Home/BookMarker/Add?title=&url=https%3A%2F%2Fwww.baidu.com%2F&_=1449126705408
INFO: [ app_init ] --START--
INFO: Run Behavior\BuildLiteBehavior [ RunTime:0.000038s ]
INFO: [ app_init ] --END-- [ RunTime:0.001087s ]
INFO: [ app_begin ] --START--
INFO: Run Behavior\ReadHtmlCacheBehavior [ RunTime:0.000935s ]
INFO: [ app_begin ] --END-- [ RunTime:0.001069s ]
NOTIC: [2] file_get_contents() [<a href='function.file-get-contents'>function.file-get-contents</a>]: Unable to find the wrapper &quot;https&quot; - did you forget to enable it when you configured PHP? C:\wamp\www\demo\webbookmarker\Application\Home\Controller\simple_html_dom.php 第 76 行.
NOTIC: [2] file_get_contents(https://www.baidu.com/) [<a href='function.file-get-contents'>function.file-get-contents</a>]: failed to open stream: Invalid argument C:\wamp\www\demo\webbookmarker\Application\Home\Controller\simple_html_dom.php 第 76 行.
INFO: [ app_end ] --START--
INFO: Run Behavior\ShowPageTraceBehavior [ RunTime:0.002596s ]
INFO: [ app_end ] --END-- [ RunTime:0.002736s ]

[ 2015-12-03T15:21:44+08:00 ] 127.0.0.1 /demo/webbookmarker/index.php/Home/BookMarker/ShowAll
INFO: [ app_init ] --START--
INFO: Run Behavior\BuildLiteBehavior [ RunTime:0.000086s ]
INFO: [ app_init ] --END-- [ RunTime:0.002059s ]
INFO: [ app_begin ] --START--
INFO: Run Behavior\ReadHtmlCacheBehavior [ RunTime:0.000832s ]
INFO: [ app_begin ] --END-- [ RunTime:0.000962s ]
SQL: SHOW COLUMNS FROM `web_marker` [ RunTime:0.0045s ]
SQL: SELECT * FROM `web_marker`  [ RunTime:0.0003s ]
INFO: [ app_end ] --START--
INFO: Run Behavior\ShowPageTraceBehavior [ RunTime:0.000720s ]
INFO: [ app_end ] --END-- [ RunTime:0.000821s ]

[ 2015-12-03T15:21:53+08:00 ] 127.0.0.1 /demo/webbookmarker/index.php/Home/BookMarker/Add?title=&url=https%3A%2F%2Fwww.baidu.com%2F&_=1449127304017
INFO: [ app_init ] --START--
INFO: Run Behavior\BuildLiteBehavior [ RunTime:0.000037s ]
INFO: [ app_init ] --END-- [ RunTime:0.001055s ]
INFO: [ app_begin ] --START--
INFO: Run Behavior\ReadHtmlCacheBehavior [ RunTime:0.000822s ]
INFO: [ app_begin ] --END-- [ RunTime:0.000935s ]
NOTIC: [2] file_get_contents() [<a href='function.file-get-contents'>function.file-get-contents</a>]: Unable to find the wrapper &quot;https&quot; - did you forget to enable it when you configured PHP? C:\wamp\www\demo\webbookmarker\Application\Home\Controller\simple_html_dom.php 第 76 行.
NOTIC: [2] file_get_contents(https://www.baidu.com/) [<a href='function.file-get-contents'>function.file-get-contents</a>]: failed to open stream: Invalid argument C:\wamp\www\demo\webbookmarker\Application\Home\Controller\simple_html_dom.php 第 76 行.
INFO: [ app_end ] --START--
INFO: Run Behavior\ShowPageTraceBehavior [ RunTime:0.001043s ]
INFO: [ app_end ] --END-- [ RunTime:0.001189s ]

[ 2015-12-03T15:31:52+08:00 ] 127.0.0.1 /demo/webbookmarker/index.php/Home/BookMarker/ShowAll
INFO: [ app_init ] --START--
INFO: Run Behavior\BuildLiteBehavior [ RunTime:0.000028s ]
INFO: [ app_init ] --END-- [ RunTime:0.000639s ]
INFO: [ app_begin ] --START--
INFO: Run Behavior\ReadHtmlCacheBehavior [ RunTime:0.000975s ]
INFO: [ app_begin ] --END-- [ RunTime:0.001122s ]
SQL: SHOW COLUMNS FROM `web_marker` [ RunTime:0.0043s ]
SQL: SELECT * FROM `web_marker`  [ RunTime:0.0003s ]
INFO: [ app_end ] --START--
INFO: Run Behavior\ShowPageTraceBehavior [ RunTime:0.000719s ]
INFO: [ app_end ] --END-- [ RunTime:0.000808s ]

[ 2015-12-03T15:32:08+08:00 ] 127.0.0.1 /demo/webbookmarker/index.php/Home/BookMarker/Alter?id=1&title=%E7%99%BE%E5%BA%A6&href=https%3A%2F%2Fwww.baidu.com%2F
INFO: [ app_init ] --START--
INFO: Run Behavior\BuildLiteBehavior [ RunTime:0.000022s ]
INFO: [ app_init ] --END-- [ RunTime:0.000392s ]
INFO: [ app_begin ] --START--
INFO: Run Behavior\ReadHtmlCacheBehavior [ RunTime:0.000945s ]
INFO: [ app_begin ] --END-- [ RunTime:0.001159s ]
SQL: SHOW COLUMNS FROM `web_marker` [ RunTime:0.0049s ]
SQL: UPDATE `web_marker` SET `title`='百度',`href`='https://www.baidu.com/' WHERE `id` = 1 [ RunTime:0.1492s ]
INFO: [ app_end ] --START--
INFO: Run Behavior\ShowPageTraceBehavior [ RunTime:0.000635s ]
INFO: [ app_end ] --END-- [ RunTime:0.000719s ]

[ 2015-12-03T15:32:08+08:00 ] 127.0.0.1 /demo/webbookmarker/index.php/Home/BookMarker/ShowAll
INFO: [ app_init ] --START--
INFO: Run Behavior\BuildLiteBehavior [ RunTime:0.000027s ]
INFO: [ app_init ] --END-- [ RunTime:0.000489s ]
INFO: [ app_begin ] --START--
INFO: Run Behavior\ReadHtmlCacheBehavior [ RunTime:0.000656s ]
INFO: [ app_begin ] --END-- [ RunTime:0.000781s ]
SQL: SHOW COLUMNS FROM `web_marker` [ RunTime:0.0044s ]
SQL: SELECT * FROM `web_marker`  [ RunTime:0.0004s ]
INFO: [ app_end ] --START--
INFO: Run Behavior\ShowPageTraceBehavior [ RunTime:0.000857s ]
INFO: [ app_end ] --END-- [ RunTime:0.001009s ]

[ 2015-12-03T15:32:11+08:00 ] 127.0.0.1 /demo/webbookmarker/index.php/Home/BookMarker/Del?id=1
INFO: [ app_init ] --START--
INFO: Run Behavior\BuildLiteBehavior [ RunTime:0.000028s ]
INFO: [ app_init ] --END-- [ RunTime:0.000553s ]
INFO: [ app_begin ] --START--
INFO: Run Behavior\ReadHtmlCacheBehavior [ RunTime:0.000602s ]
INFO: [ app_begin ] --END-- [ RunTime:0.000706s ]
SQL: SHOW COLUMNS FROM `web_marker` [ RunTime:0.0046s ]
SQL: DELETE FROM `web_marker` WHERE `id` = 1 [ RunTime:0.0168s ]
INFO: [ app_end ] --START--
INFO: Run Behavior\ShowPageTraceBehavior [ RunTime:0.000596s ]
INFO: [ app_end ] --END-- [ RunTime:0.000701s ]

[ 2015-12-03T15:32:12+08:00 ] 127.0.0.1 /demo/webbookmarker/index.php/Home/BookMarker/ShowAll
INFO: [ app_init ] --START--
INFO: Run Behavior\BuildLiteBehavior [ RunTime:0.000039s ]
INFO: [ app_init ] --END-- [ RunTime:0.000764s ]
INFO: [ app_begin ] --START--
INFO: Run Behavior\ReadHtmlCacheBehavior [ RunTime:0.000897s ]
INFO: [ app_begin ] --END-- [ RunTime:0.001065s ]
SQL: SHOW COLUMNS FROM `web_marker` [ RunTime:0.0038s ]
SQL: SELECT * FROM `web_marker`  [ RunTime:0.0003s ]
INFO: [ app_end ] --START--
INFO: Run Behavior\ShowPageTraceBehavior [ RunTime:0.000623s ]
INFO: [ app_end ] --END-- [ RunTime:0.000718s ]

[ 2015-12-03T15:33:44+08:00 ] 127.0.0.1 /demo/webbookmarker/index.php/Home/BookMarker/ShowAll
INFO: [ app_init ] --START--
INFO: Run Behavior\BuildLiteBehavior [ RunTime:0.000036s ]
INFO: [ app_init ] --END-- [ RunTime:0.000625s ]
INFO: [ app_begin ] --START--
INFO: Run Behavior\ReadHtmlCacheBehavior [ RunTime:0.000664s ]
INFO: [ app_begin ] --END-- [ RunTime:0.000776s ]
SQL: SHOW COLUMNS FROM `web_marker` [ RunTime:0.0049s ]
SQL: SELECT * FROM `web_marker`  [ RunTime:0.0004s ]
INFO: [ app_end ] --START--
INFO: Run Behavior\ShowPageTraceBehavior [ RunTime:0.000698s ]
INFO: [ app_end ] --END-- [ RunTime:0.000842s ]

[ 2015-12-03T15:33:54+08:00 ] 127.0.0.1 /demo/webbookmarker/index.php/Home/BookMarker/Add?title=%E7%99%BE%E5%BA%A6&url=www.baidu.com&_=1449128034627
INFO: [ app_init ] --START--
INFO: Run Behavior\BuildLiteBehavior [ RunTime:0.000025s ]
INFO: [ app_init ] --END-- [ RunTime:0.000474s ]
INFO: [ app_begin ] --START--
INFO: Run Behavior\ReadHtmlCacheBehavior [ RunTime:0.000725s ]
INFO: [ app_begin ] --END-- [ RunTime:0.000863s ]
NOTIC: [2] file_get_contents(www.baidu.com) [<a href='function.file-get-contents'>function.file-get-contents</a>]: failed to open stream: No such file or directory C:\wamp\www\demo\webbookmarker\Application\Home\Controller\simple_html_dom.php 第 76 行.
INFO: [ app_end ] --START--
INFO: Run Behavior\ShowPageTraceBehavior [ RunTime:0.000807s ]
INFO: [ app_end ] --END-- [ RunTime:0.000925s ]

[ 2015-12-03T15:34:25+08:00 ] 127.0.0.1 /demo/webbookmarker/index.php/Home/BookMarker/ShowAll
INFO: [ app_init ] --START--
INFO: Run Behavior\BuildLiteBehavior [ RunTime:0.000037s ]
INFO: [ app_init ] --END-- [ RunTime:0.000477s ]
INFO: [ app_begin ] --START--
INFO: Run Behavior\ReadHtmlCacheBehavior [ RunTime:0.000761s ]
INFO: [ app_begin ] --END-- [ RunTime:0.001091s ]
SQL: SHOW COLUMNS FROM `web_marker` [ RunTime:0.0053s ]
SQL: SELECT * FROM `web_marker`  [ RunTime:0.0004s ]
INFO: [ app_end ] --START--
INFO: Run Behavior\ShowPageTraceBehavior [ RunTime:0.000909s ]
INFO: [ app_end ] --END-- [ RunTime:0.001047s ]

[ 2015-12-03T15:36:00+08:00 ] 127.0.0.1 /demo/webbookmarker/index.php/Home/BookMarker/ShowAll
INFO: [ app_init ] --START--
INFO: Run Behavior\BuildLiteBehavior [ RunTime:0.000039s ]
INFO: [ app_init ] --END-- [ RunTime:0.000736s ]
INFO: [ app_begin ] --START--
INFO: Run Behavior\ReadHtmlCacheBehavior [ RunTime:0.001068s ]
INFO: [ app_begin ] --END-- [ RunTime:0.001297s ]
SQL: SHOW COLUMNS FROM `web_marker` [ RunTime:0.0045s ]
SQL: SELECT * FROM `web_marker`  [ RunTime:0.0003s ]
INFO: [ app_end ] --START--
INFO: Run Behavior\ShowPageTraceBehavior [ RunTime:0.000732s ]
INFO: [ app_end ] --END-- [ RunTime:0.000825s ]

[ 2015-12-03T15:36:03+08:00 ] 127.0.0.1 /demo/webbookmarker/index.php/Home/BookMarker/Add?title=%E7%99%BE%E5%BA%A6&url=www.baidu.com&_=1449128163186
INFO: [ app_init ] --START--
INFO: Run Behavior\BuildLiteBehavior [ RunTime:0.000024s ]
INFO: [ app_init ] --END-- [ RunTime:0.000521s ]
INFO: [ app_begin ] --START--
INFO: Run Behavior\ReadHtmlCacheBehavior [ RunTime:0.000656s ]
INFO: [ app_begin ] --END-- [ RunTime:0.000770s ]
NOTIC: [2] file_get_contents(www.baidu.com) [<a href='function.file-get-contents'>function.file-get-contents</a>]: failed to open stream: No such file or directory C:\wamp\www\demo\webbookmarker\Application\Home\Controller\simple_html_dom.php 第 76 行.
INFO: [ app_end ] --START--
INFO: Run Behavior\ShowPageTraceBehavior [ RunTime:0.000531s ]
INFO: [ app_end ] --END-- [ RunTime:0.000621s ]

[ 2015-12-03T15:36:46+08:00 ] 127.0.0.1 /demo/webbookmarker/index.php/Home/BookMarker/ShowAll
INFO: [ app_init ] --START--
INFO: Run Behavior\BuildLiteBehavior [ RunTime:0.000032s ]
INFO: [ app_init ] --END-- [ RunTime:0.000540s ]
INFO: [ app_begin ] --START--
INFO: Run Behavior\ReadHtmlCacheBehavior [ RunTime:0.000648s ]
INFO: [ app_begin ] --END-- [ RunTime:0.000760s ]
SQL: SHOW COLUMNS FROM `web_marker` [ RunTime:0.0044s ]
SQL: SELECT * FROM `web_marker`  [ RunTime:0.0003s ]
INFO: [ app_end ] --START--
INFO: Run Behavior\ShowPageTraceBehavior [ RunTime:0.000752s ]
INFO: [ app_end ] --END-- [ RunTime:0.000843s ]

[ 2015-12-03T15:36:48+08:00 ] 127.0.0.1 /demo/webbookmarker/index.php/Home/BookMarker/Add?title=%E7%99%BE%E5%BA%A6&url=www.baidu.com&_=1449128208618
INFO: [ app_init ] --START--
INFO: Run Behavior\BuildLiteBehavior [ RunTime:0.000026s ]
INFO: [ app_init ] --END-- [ RunTime:0.000452s ]
INFO: [ app_begin ] --START--
INFO: Run Behavior\ReadHtmlCacheBehavior [ RunTime:0.000596s ]
INFO: [ app_begin ] --END-- [ RunTime:0.000694s ]
NOTIC: [2] file_get_contents(www.baidu.com) [<a href='function.file-get-contents'>function.file-get-contents</a>]: failed to open stream: No such file or directory C:\wamp\www\demo\webbookmarker\Application\Home\Controller\simple_html_dom.php 第 76 行.
INFO: [ app_end ] --START--
INFO: Run Behavior\ShowPageTraceBehavior [ RunTime:0.000657s ]
INFO: [ app_end ] --END-- [ RunTime:0.000765s ]

[ 2015-12-03T15:37:02+08:00 ] 127.0.0.1 /demo/webbookmarker/index.php/Home/BookMarker/Add?title=%E7%99%BE%E5%BA%A6&url=www.baidu.com&_=1449128222876
INFO: [ app_init ] --START--
INFO: Run Behavior\BuildLiteBehavior [ RunTime:0.000034s ]
INFO: [ app_init ] --END-- [ RunTime:0.000615s ]
INFO: [ app_begin ] --START--
INFO: Run Behavior\ReadHtmlCacheBehavior [ RunTime:0.000518s ]
INFO: [ app_begin ] --END-- [ RunTime:0.000606s ]
NOTIC: [2] file_get_contents(www.baidu.com) [<a href='function.file-get-contents'>function.file-get-contents</a>]: failed to open stream: No such file or directory C:\wamp\www\demo\webbookmarker\Application\Home\Controller\simple_html_dom.php 第 76 行.
INFO: [ app_end ] --START--
INFO: Run Behavior\ShowPageTraceBehavior [ RunTime:0.000740s ]
INFO: [ app_end ] --END-- [ RunTime:0.000847s ]

[ 2015-12-03T15:37:05+08:00 ] 127.0.0.1 /demo/webbookmarker/index.php/Home/BookMarker/ShowAll
INFO: [ app_init ] --START--
INFO: Run Behavior\BuildLiteBehavior [ RunTime:0.000024s ]
INFO: [ app_init ] --END-- [ RunTime:0.000459s ]
INFO: [ app_begin ] --START--
INFO: Run Behavior\ReadHtmlCacheBehavior [ RunTime:0.000605s ]
INFO: [ app_begin ] --END-- [ RunTime:0.000710s ]
SQL: SHOW COLUMNS FROM `web_marker` [ RunTime:0.0040s ]
SQL: SELECT * FROM `web_marker`  [ RunTime:0.0003s ]
INFO: [ app_end ] --START--
INFO: Run Behavior\ShowPageTraceBehavior [ RunTime:0.000585s ]
INFO: [ app_end ] --END-- [ RunTime:0.000670s ]

[ 2015-12-03T15:37:15+08:00 ] 127.0.0.1 /demo/webbookmarker/index.php/Home/BookMarker/Add?title=&url=www.baidu.com&_=1449128235780
INFO: [ app_init ] --START--
INFO: Run Behavior\BuildLiteBehavior [ RunTime:0.000031s ]
INFO: [ app_init ] --END-- [ RunTime:0.000910s ]
INFO: [ app_begin ] --START--
INFO: Run Behavior\ReadHtmlCacheBehavior [ RunTime:0.000914s ]
INFO: [ app_begin ] --END-- [ RunTime:0.001065s ]
NOTIC: [2] file_get_contents(www.baidu.com) [<a href='function.file-get-contents'>function.file-get-contents</a>]: failed to open stream: No such file or directory C:\wamp\www\demo\webbookmarker\Application\Home\Controller\simple_html_dom.php 第 76 行.
INFO: [ app_end ] --START--
INFO: Run Behavior\ShowPageTraceBehavior [ RunTime:0.000618s ]
INFO: [ app_end ] --END-- [ RunTime:0.000724s ]

[ 2015-12-03T15:37:25+08:00 ] 127.0.0.1 /demo/webbookmarker/index.php/Home/BookMarker/Add?title=&url=https%3A%2F%2Fwww.baidu.com&_=1449128245828
INFO: [ app_init ] --START--
INFO: Run Behavior\BuildLiteBehavior [ RunTime:0.000025s ]
INFO: [ app_init ] --END-- [ RunTime:0.000607s ]
INFO: [ app_begin ] --START--
INFO: Run Behavior\ReadHtmlCacheBehavior [ RunTime:0.001061s ]
INFO: [ app_begin ] --END-- [ RunTime:0.001199s ]
NOTIC: [2] file_get_contents() [<a href='function.file-get-contents'>function.file-get-contents</a>]: Unable to find the wrapper &quot;https&quot; - did you forget to enable it when you configured PHP? C:\wamp\www\demo\webbookmarker\Application\Home\Controller\simple_html_dom.php 第 76 行.
NOTIC: [2] file_get_contents(https://www.baidu.com) [<a href='function.file-get-contents'>function.file-get-contents</a>]: failed to open stream: Invalid argument C:\wamp\www\demo\webbookmarker\Application\Home\Controller\simple_html_dom.php 第 76 行.
INFO: [ app_end ] --START--
INFO: Run Behavior\ShowPageTraceBehavior [ RunTime:0.000918s ]
INFO: [ app_end ] --END-- [ RunTime:0.001178s ]

[ 2015-12-03T15:37:32+08:00 ] 127.0.0.1 /demo/webbookmarker/index.php/Home/BookMarker/Add?title=&url=http%3A%2F%2Fwww.baidu.com&_=1449128252474
INFO: [ app_init ] --START--
INFO: Run Behavior\BuildLiteBehavior [ RunTime:0.000024s ]
INFO: [ app_init ] --END-- [ RunTime:0.000455s ]
INFO: [ app_begin ] --START--
INFO: Run Behavior\ReadHtmlCacheBehavior [ RunTime:0.000603s ]
INFO: [ app_begin ] --END-- [ RunTime:0.000702s ]
NOTIC: [8] Trying to get property of non-object C:\wamp\www\demo\webbookmarker\Application\Home\Controller\BookMarkerController.class.php 第 67 行.
NOTIC: [8] Trying to get property of non-object C:\wamp\www\demo\webbookmarker\Application\Home\Controller\BookMarkerController.class.php 第 69 行.
NOTIC: [8] Undefined index: icon C:\wamp\www\demo\webbookmarker\Application\Home\Controller\BookMarkerController.class.php 第 83 行.
SQL: SHOW COLUMNS FROM `web_marker` [ RunTime:0.0043s ]
SQL: INSERT INTO `web_marker` (`title`,`href`,`icon`,`id`) VALUES ('百度一下，你就知道','http://www.baidu.com','http://su.bdimg.com/icon/6000.png',NULL) [ RunTime:0.0252s ]
INFO: [ app_end ] --START--
INFO: Run Behavior\ShowPageTraceBehavior [ RunTime:0.000599s ]
INFO: [ app_end ] --END-- [ RunTime:0.000686s ]

[ 2015-12-03T15:38:16+08:00 ] 127.0.0.1 /demo/webbookmarker/index.php/Home/BookMarker/Del?id=null
INFO: [ app_init ] --START--
INFO: Run Behavior\BuildLiteBehavior [ RunTime:0.000022s ]
INFO: [ app_init ] --END-- [ RunTime:0.000670s ]
INFO: [ app_begin ] --START--
INFO: Run Behavior\ReadHtmlCacheBehavior [ RunTime:0.000689s ]
INFO: [ app_begin ] --END-- [ RunTime:0.000791s ]
SQL: SHOW COLUMNS FROM `web_marker` [ RunTime:0.0045s ]
SQL: DELETE FROM `web_marker` WHERE `id` = 0 [ RunTime:0.0004s ]
INFO: [ app_end ] --START--
INFO: Run Behavior\ShowPageTraceBehavior [ RunTime:0.000807s ]
INFO: [ app_end ] --END-- [ RunTime:0.000907s ]

[ 2015-12-03T15:38:19+08:00 ] 127.0.0.1 /demo/webbookmarker/index.php/Home/BookMarker/ShowAll
INFO: [ app_init ] --START--
INFO: Run Behavior\BuildLiteBehavior [ RunTime:0.000036s ]
INFO: [ app_init ] --END-- [ RunTime:0.000872s ]
INFO: [ app_begin ] --START--
INFO: Run Behavior\ReadHtmlCacheBehavior [ RunTime:0.001220s ]
INFO: [ app_begin ] --END-- [ RunTime:0.001392s ]
SQL: SHOW COLUMNS FROM `web_marker` [ RunTime:0.0069s ]
SQL: SELECT * FROM `web_marker`  [ RunTime:0.0004s ]
INFO: [ app_end ] --START--
INFO: Run Behavior\ShowPageTraceBehavior [ RunTime:0.001093s ]
INFO: [ app_end ] --END-- [ RunTime:0.001261s ]

[ 2015-12-03T15:38:20+08:00 ] 127.0.0.1 /demo/webbookmarker/index.php/Home/BookMarker/Del?id=2
INFO: [ app_init ] --START--
INFO: Run Behavior\BuildLiteBehavior [ RunTime:0.000024s ]
INFO: [ app_init ] --END-- [ RunTime:0.000460s ]
INFO: [ app_begin ] --START--
INFO: Run Behavior\ReadHtmlCacheBehavior [ RunTime:0.000585s ]
INFO: [ app_begin ] --END-- [ RunTime:0.000686s ]
SQL: SHOW COLUMNS FROM `web_marker` [ RunTime:0.0042s ]
SQL: DELETE FROM `web_marker` WHERE `id` = 2 [ RunTime:0.0005s ]
INFO: [ app_end ] --START--
INFO: Run Behavior\ShowPageTraceBehavior [ RunTime:0.000723s ]
INFO: [ app_end ] --END-- [ RunTime:0.000829s ]

[ 2015-12-03T15:38:21+08:00 ] 127.0.0.1 /demo/webbookmarker/index.php/Home/BookMarker/ShowAll
INFO: [ app_init ] --START--
INFO: Run Behavior\BuildLiteBehavior [ RunTime:0.000026s ]
INFO: [ app_init ] --END-- [ RunTime:0.000540s ]
INFO: [ app_begin ] --START--
INFO: Run Behavior\ReadHtmlCacheBehavior [ RunTime:0.001208s ]
INFO: [ app_begin ] --END-- [ RunTime:0.001369s ]
SQL: SHOW COLUMNS FROM `web_marker` [ RunTime:0.0055s ]
SQL: SELECT * FROM `web_marker`  [ RunTime:0.0003s ]
INFO: [ app_end ] --START--
INFO: Run Behavior\ShowPageTraceBehavior [ RunTime:0.000726s ]
INFO: [ app_end ] --END-- [ RunTime:0.000810s ]

[ 2015-12-03T15:38:37+08:00 ] 127.0.0.1 /demo/webbookmarker/index.php/Home/BookMarker/Add?title=&url=http%3A%2F%2Fwww.baidu.com&_=1449128317549
INFO: [ app_init ] --START--
INFO: Run Behavior\BuildLiteBehavior [ RunTime:0.000028s ]
INFO: [ app_init ] --END-- [ RunTime:0.000536s ]
INFO: [ app_begin ] --START--
INFO: Run Behavior\ReadHtmlCacheBehavior [ RunTime:0.000700s ]
INFO: [ app_begin ] --END-- [ RunTime:0.000806s ]
NOTIC: [8] Trying to get property of non-object C:\wamp\www\demo\webbookmarker\Application\Home\Controller\BookMarkerController.class.php 第 67 行.
NOTIC: [8] Trying to get property of non-object C:\wamp\www\demo\webbookmarker\Application\Home\Controller\BookMarkerController.class.php 第 69 行.
NOTIC: [8] Undefined index: icon C:\wamp\www\demo\webbookmarker\Application\Home\Controller\BookMarkerController.class.php 第 83 行.
SQL: SHOW COLUMNS FROM `web_marker` [ RunTime:0.0055s ]
SQL: INSERT INTO `web_marker` (`title`,`href`,`icon`,`id`) VALUES ('百度一下，你就知道','http://www.baidu.com','http://su.bdimg.com/icon/6000.png',NULL) [ RunTime:0.0003s ]
INFO: [ app_end ] --START--
INFO: Run Behavior\ShowPageTraceBehavior [ RunTime:0.000849s ]
INFO: [ app_end ] --END-- [ RunTime:0.000996s ]

[ 2015-12-03T15:38:55+08:00 ] 127.0.0.1 /demo/webbookmarker/index.php/Home/BookMarker/Add?title=&url=http%3A%2F%2F127.0.0.1%2FhaoappWebsite%2Findex.php%2FPostbar_post&_=1449128335386
INFO: [ app_init ] --START--
INFO: Run Behavior\BuildLiteBehavior [ RunTime:0.000024s ]
INFO: [ app_init ] --END-- [ RunTime:0.000517s ]
INFO: [ app_begin ] --START--
INFO: Run Behavior\ReadHtmlCacheBehavior [ RunTime:0.001069s ]
INFO: [ app_begin ] --END-- [ RunTime:0.001226s ]
NOTIC: [8] Trying to get property of non-object C:\wamp\www\demo\webbookmarker\Application\Home\Controller\BookMarkerController.class.php 第 67 行.
NOTIC: [8] Trying to get property of non-object C:\wamp\www\demo\webbookmarker\Application\Home\Controller\BookMarkerController.class.php 第 69 行.
NOTIC: [8] Undefined index: icon C:\wamp\www\demo\webbookmarker\Application\Home\Controller\BookMarkerController.class.php 第 83 行.
SQL: SHOW COLUMNS FROM `web_marker` [ RunTime:0.0058s ]
SQL: INSERT INTO `web_marker` (`title`,`href`,`icon`,`id`) VALUES ('呼唤详情','http://127.0.0.1/haoappWebsite/index.php/Postbar_post','http://su.bdimg.com/icon/6000.png',NULL) [ RunTime:0.0116s ]
INFO: [ app_end ] --START--
INFO: Run Behavior\ShowPageTraceBehavior [ RunTime:0.001250s ]
INFO: [ app_end ] --END-- [ RunTime:0.001645s ]

[ 2015-12-03T15:38:58+08:00 ] 127.0.0.1 /demo/webbookmarker/index.php/Home/BookMarker/Del?id=null
INFO: [ app_init ] --START--
INFO: Run Behavior\BuildLiteBehavior [ RunTime:0.000033s ]
INFO: [ app_init ] --END-- [ RunTime:0.000629s ]
INFO: [ app_begin ] --START--
INFO: Run Behavior\ReadHtmlCacheBehavior [ RunTime:0.000678s ]
INFO: [ app_begin ] --END-- [ RunTime:0.000790s ]
SQL: SHOW COLUMNS FROM `web_marker` [ RunTime:0.0050s ]
SQL: DELETE FROM `web_marker` WHERE `id` = 0 [ RunTime:0.0003s ]
INFO: [ app_end ] --START--
INFO: Run Behavior\ShowPageTraceBehavior [ RunTime:0.000617s ]
INFO: [ app_end ] --END-- [ RunTime:0.000708s ]

[ 2015-12-03T15:39:02+08:00 ] 127.0.0.1 /demo/webbookmarker/index.php/Home/BookMarker/Del?id=null
INFO: [ app_init ] --START--
INFO: Run Behavior\BuildLiteBehavior [ RunTime:0.000027s ]
INFO: [ app_init ] --END-- [ RunTime:0.000499s ]
INFO: [ app_begin ] --START--
INFO: Run Behavior\ReadHtmlCacheBehavior [ RunTime:0.000743s ]
INFO: [ app_begin ] --END-- [ RunTime:0.000835s ]
SQL: SHOW COLUMNS FROM `web_marker` [ RunTime:0.0045s ]
SQL: DELETE FROM `web_marker` WHERE `id` = 0 [ RunTime:0.0004s ]
INFO: [ app_end ] --START--
INFO: Run Behavior\ShowPageTraceBehavior [ RunTime:0.000787s ]
INFO: [ app_end ] --END-- [ RunTime:0.000923s ]

[ 2015-12-03T15:39:04+08:00 ] 127.0.0.1 /demo/webbookmarker/index.php/Home/BookMarker/ShowAll
INFO: [ app_init ] --START--
INFO: Run Behavior\BuildLiteBehavior [ RunTime:0.000036s ]
INFO: [ app_init ] --END-- [ RunTime:0.000787s ]
INFO: [ app_begin ] --START--
INFO: Run Behavior\ReadHtmlCacheBehavior [ RunTime:0.001226s ]
INFO: [ app_begin ] --END-- [ RunTime:0.001443s ]
SQL: SHOW COLUMNS FROM `web_marker` [ RunTime:0.0047s ]
SQL: SELECT * FROM `web_marker`  [ RunTime:0.0004s ]
INFO: [ app_end ] --START--
INFO: Run Behavior\ShowPageTraceBehavior [ RunTime:0.000931s ]
INFO: [ app_end ] --END-- [ RunTime:0.001115s ]

[ 2015-12-03T15:39:07+08:00 ] 127.0.0.1 /demo/webbookmarker/index.php/Home/BookMarker/Del?id=4
INFO: [ app_init ] --START--
INFO: Run Behavior\BuildLiteBehavior [ RunTime:0.000022s ]
INFO: [ app_init ] --END-- [ RunTime:0.000512s ]
INFO: [ app_begin ] --START--
INFO: Run Behavior\ReadHtmlCacheBehavior [ RunTime:0.000745s ]
INFO: [ app_begin ] --END-- [ RunTime:0.000833s ]
SQL: SHOW COLUMNS FROM `web_marker` [ RunTime:0.0043s ]
SQL: DELETE FROM `web_marker` WHERE `id` = 4 [ RunTime:0.0005s ]
INFO: [ app_end ] --START--
INFO: Run Behavior\ShowPageTraceBehavior [ RunTime:0.000880s ]
INFO: [ app_end ] --END-- [ RunTime:0.001018s ]

[ 2015-12-03T15:39:08+08:00 ] 127.0.0.1 /demo/webbookmarker/index.php/Home/BookMarker/ShowAll
INFO: [ app_init ] --START--
INFO: Run Behavior\BuildLiteBehavior [ RunTime:0.000023s ]
INFO: [ app_init ] --END-- [ RunTime:0.000687s ]
INFO: [ app_begin ] --START--
INFO: Run Behavior\ReadHtmlCacheBehavior [ RunTime:0.000685s ]
INFO: [ app_begin ] --END-- [ RunTime:0.000782s ]
SQL: SHOW COLUMNS FROM `web_marker` [ RunTime:0.0048s ]
SQL: SELECT * FROM `web_marker`  [ RunTime:0.0004s ]
INFO: [ app_end ] --START--
INFO: Run Behavior\ShowPageTraceBehavior [ RunTime:0.000732s ]
INFO: [ app_end ] --END-- [ RunTime:0.000848s ]

[ 2015-12-03T15:39:10+08:00 ] 127.0.0.1 /demo/webbookmarker/index.php/Home/BookMarker/ShowAll
INFO: [ app_init ] --START--
INFO: Run Behavior\BuildLiteBehavior [ RunTime:0.000028s ]
INFO: [ app_init ] --END-- [ RunTime:0.000573s ]
INFO: [ app_begin ] --START--
INFO: Run Behavior\ReadHtmlCacheBehavior [ RunTime:0.000796s ]
INFO: [ app_begin ] --END-- [ RunTime:0.000920s ]
SQL: SHOW COLUMNS FROM `web_marker` [ RunTime:0.0054s ]
SQL: SELECT * FROM `web_marker`  [ RunTime:0.0003s ]
INFO: [ app_end ] --START--
INFO: Run Behavior\ShowPageTraceBehavior [ RunTime:0.000776s ]
INFO: [ app_end ] --END-- [ RunTime:0.000927s ]

[ 2015-12-03T15:39:15+08:00 ] 127.0.0.1 /demo/webbookmarker/index.php/Home/BookMarker/Del?id=3
INFO: [ app_init ] --START--
INFO: Run Behavior\BuildLiteBehavior [ RunTime:0.000023s ]
INFO: [ app_init ] --END-- [ RunTime:0.000749s ]
INFO: [ app_begin ] --START--
INFO: Run Behavior\ReadHtmlCacheBehavior [ RunTime:0.000868s ]
INFO: [ app_begin ] --END-- [ RunTime:0.000989s ]
SQL: SHOW COLUMNS FROM `web_marker` [ RunTime:0.0040s ]
SQL: DELETE FROM `web_marker` WHERE `id` = 3 [ RunTime:0.0005s ]
INFO: [ app_end ] --START--
INFO: Run Behavior\ShowPageTraceBehavior [ RunTime:0.001382s ]
INFO: [ app_end ] --END-- [ RunTime:0.001522s ]

[ 2015-12-03T15:39:15+08:00 ] 127.0.0.1 /demo/webbookmarker/index.php/Home/BookMarker/ShowAll
INFO: [ app_init ] --START--
INFO: Run Behavior\BuildLiteBehavior [ RunTime:0.000048s ]
INFO: [ app_init ] --END-- [ RunTime:0.000612s ]
INFO: [ app_begin ] --START--
INFO: Run Behavior\ReadHtmlCacheBehavior [ RunTime:0.001236s ]
INFO: [ app_begin ] --END-- [ RunTime:0.001379s ]
SQL: SHOW COLUMNS FROM `web_marker` [ RunTime:0.0042s ]
SQL: SELECT * FROM `web_marker`  [ RunTime:0.0003s ]
INFO: [ app_end ] --START--
INFO: Run Behavior\ShowPageTraceBehavior [ RunTime:0.000634s ]
INFO: [ app_end ] --END-- [ RunTime:0.000718s ]

[ 2015-12-03T15:39:28+08:00 ] 127.0.0.1 /demo/webbookmarker/index.php/Home/BookMarker/Add?title=&url=www.baidu.com&_=1449128368516
INFO: [ app_init ] --START--
INFO: Run Behavior\BuildLiteBehavior [ RunTime:0.000022s ]
INFO: [ app_init ] --END-- [ RunTime:0.000645s ]
INFO: [ app_begin ] --START--
INFO: Run Behavior\ReadHtmlCacheBehavior [ RunTime:0.002000s ]
INFO: [ app_begin ] --END-- [ RunTime:0.002187s ]
NOTIC: [2] file_get_contents(www.baidu.com) [<a href='function.file-get-contents'>function.file-get-contents</a>]: failed to open stream: No such file or directory C:\wamp\www\demo\webbookmarker\Application\Home\Controller\simple_html_dom.php 第 76 行.
INFO: [ app_end ] --START--
INFO: Run Behavior\ShowPageTraceBehavior [ RunTime:0.000939s ]
INFO: [ app_end ] --END-- [ RunTime:0.001106s ]

[ 2015-12-03T15:39:43+08:00 ] 127.0.0.1 /demo/webbookmarker/index.php/Home/BookMarker/Add?title=&url=https%3A%2F%2Fwww.baidu.com%2Findex.php%3Ftn%3Dmonline_3_dg&_=1449128383834
INFO: [ app_init ] --START--
INFO: Run Behavior\BuildLiteBehavior [ RunTime:0.000027s ]
INFO: [ app_init ] --END-- [ RunTime:0.000533s ]
INFO: [ app_begin ] --START--
INFO: Run Behavior\ReadHtmlCacheBehavior [ RunTime:0.000917s ]
INFO: [ app_begin ] --END-- [ RunTime:0.001060s ]
NOTIC: [2] file_get_contents() [<a href='function.file-get-contents'>function.file-get-contents</a>]: Unable to find the wrapper &quot;https&quot; - did you forget to enable it when you configured PHP? C:\wamp\www\demo\webbookmarker\Application\Home\Controller\simple_html_dom.php 第 76 行.
NOTIC: [2] file_get_contents(https://www.baidu.com/index.php?tn=monline_3_dg) [<a href='function.file-get-contents'>function.file-get-contents</a>]: failed to open stream: No such file or directory C:\wamp\www\demo\webbookmarker\Application\Home\Controller\simple_html_dom.php 第 76 行.
INFO: [ app_end ] --START--
INFO: Run Behavior\ShowPageTraceBehavior [ RunTime:0.001446s ]
INFO: [ app_end ] --END-- [ RunTime:0.001632s ]

[ 2015-12-03T15:40:01+08:00 ] 127.0.0.1 /demo/webbookmarker/index.php/Home/BookMarker/Add?title=&url=http%3A%2F%2Fwww.liaoxuefeng.com%2Fwiki%2F0014316089557264a6b348958f449949df42a6d3a2e542c000%2F001431843456408652233b88b424613aa8ec2fe032fd85a000&_=1449128397409
INFO: [ app_init ] --START--
INFO: Run Behavior\BuildLiteBehavior [ RunTime:0.000067s ]
INFO: [ app_init ] --END-- [ RunTime:0.000529s ]
INFO: [ app_begin ] --START--
INFO: Run Behavior\ReadHtmlCacheBehavior [ RunTime:0.000825s ]
INFO: [ app_begin ] --END-- [ RunTime:0.000954s ]
NOTIC: [8] Trying to get property of non-object C:\wamp\www\demo\webbookmarker\Application\Home\Controller\BookMarkerController.class.php 第 67 行.
NOTIC: [8] Trying to get property of non-object C:\wamp\www\demo\webbookmarker\Application\Home\Controller\BookMarkerController.class.php 第 69 行.
NOTIC: [8] Undefined index: icon C:\wamp\www\demo\webbookmarker\Application\Home\Controller\BookMarkerController.class.php 第 83 行.
SQL: SHOW COLUMNS FROM `web_marker` [ RunTime:0.0047s ]
SQL: INSERT INTO `web_marker` (`title`,`href`,`icon`,`id`) VALUES ('匿名函数 - 廖雪峰的官方网站','http://www.liaoxuefeng.com/wiki/0014316089557264a6b348958f449949df42a6d3a2e542c000/001431843456408652233b88b424613aa8ec2fe032fd85a000','http://su.bdimg.com/icon/6000.png',NULL) [ RunTime:0.0004s ]
INFO: [ app_end ] --START--
INFO: Run Behavior\ShowPageTraceBehavior [ RunTime:0.000662s ]
INFO: [ app_end ] --END-- [ RunTime:0.000756s ]

[ 2015-12-03T15:40:18+08:00 ] 127.0.0.1 /demo/webbookmarker/index.php/Home/BookMarker/Del?id=null
INFO: [ app_init ] --START--
INFO: Run Behavior\BuildLiteBehavior [ RunTime:0.000022s ]
INFO: [ app_init ] --END-- [ RunTime:0.000511s ]
INFO: [ app_begin ] --START--
INFO: Run Behavior\ReadHtmlCacheBehavior [ RunTime:0.000728s ]
INFO: [ app_begin ] --END-- [ RunTime:0.000827s ]
SQL: SHOW COLUMNS FROM `web_marker` [ RunTime:0.0049s ]
SQL: DELETE FROM `web_marker` WHERE `id` = 0 [ RunTime:0.0004s ]
INFO: [ app_end ] --START--
INFO: Run Behavior\ShowPageTraceBehavior [ RunTime:0.000759s ]
INFO: [ app_end ] --END-- [ RunTime:0.000983s ]

[ 2015-12-03T15:40:47+08:00 ] 127.0.0.1 /demo/webbookmarker/index.php/Home/BookMarker/Del?id=null
INFO: [ app_init ] --START--
INFO: Run Behavior\BuildLiteBehavior [ RunTime:0.000025s ]
INFO: [ app_init ] --END-- [ RunTime:0.000625s ]
INFO: [ app_begin ] --START--
INFO: Run Behavior\ReadHtmlCacheBehavior [ RunTime:0.000862s ]
INFO: [ app_begin ] --END-- [ RunTime:0.000971s ]
SQL: SHOW COLUMNS FROM `web_marker` [ RunTime:0.0039s ]
SQL: DELETE FROM `web_marker` WHERE `id` = 0 [ RunTime:0.0004s ]
INFO: [ app_end ] --START--
INFO: Run Behavior\ShowPageTraceBehavior [ RunTime:0.000684s ]
INFO: [ app_end ] --END-- [ RunTime:0.000769s ]

[ 2015-12-03T15:44:10+08:00 ] 127.0.0.1 /demo/webbookmarker/index.php/Home/BookMarker/ShowAll
INFO: [ app_init ] --START--
INFO: Run Behavior\BuildLiteBehavior [ RunTime:0.000023s ]
INFO: [ app_init ] --END-- [ RunTime:0.000638s ]
INFO: [ app_begin ] --START--
INFO: Run Behavior\ReadHtmlCacheBehavior [ RunTime:0.001028s ]
INFO: [ app_begin ] --END-- [ RunTime:0.001126s ]
SQL: SHOW COLUMNS FROM `web_marker` [ RunTime:0.0050s ]
SQL: SELECT * FROM `web_marker`  [ RunTime:0.0003s ]
INFO: [ app_end ] --START--
INFO: Run Behavior\ShowPageTraceBehavior [ RunTime:0.000937s ]
INFO: [ app_end ] --END-- [ RunTime:0.001077s ]

[ 2015-12-03T15:44:16+08:00 ] 127.0.0.1 /demo/webbookmarker/index.php/Home/BookMarker/Del?id=5
INFO: [ app_init ] --START--
INFO: Run Behavior\BuildLiteBehavior [ RunTime:0.000026s ]
INFO: [ app_init ] --END-- [ RunTime:0.000505s ]
INFO: [ app_begin ] --START--
INFO: Run Behavior\ReadHtmlCacheBehavior [ RunTime:0.000754s ]
INFO: [ app_begin ] --END-- [ RunTime:0.000867s ]
SQL: SHOW COLUMNS FROM `web_marker` [ RunTime:0.0042s ]
SQL: DELETE FROM `web_marker` WHERE `id` = 5 [ RunTime:0.0003s ]
INFO: [ app_end ] --START--
INFO: Run Behavior\ShowPageTraceBehavior [ RunTime:0.000593s ]
INFO: [ app_end ] --END-- [ RunTime:0.000677s ]

[ 2015-12-03T15:44:16+08:00 ] 127.0.0.1 /demo/webbookmarker/index.php/Home/BookMarker/ShowAll
INFO: [ app_init ] --START--
INFO: Run Behavior\BuildLiteBehavior [ RunTime:0.000024s ]
INFO: [ app_init ] --END-- [ RunTime:0.000577s ]
INFO: [ app_begin ] --START--
INFO: Run Behavior\ReadHtmlCacheBehavior [ RunTime:0.000904s ]
INFO: [ app_begin ] --END-- [ RunTime:0.001022s ]
SQL: SHOW COLUMNS FROM `web_marker` [ RunTime:0.0039s ]
SQL: SELECT * FROM `web_marker`  [ RunTime:0.0003s ]
INFO: [ app_end ] --START--
INFO: Run Behavior\ShowPageTraceBehavior [ RunTime:0.000711s ]
INFO: [ app_end ] --END-- [ RunTime:0.000797s ]

[ 2015-12-03T15:44:24+08:00 ] 127.0.0.1 /demo/webbookmarker/index.php/Home/BookMarker/Add?title=&url=https%3A%2F%2Fwww.shiyanlou.com%2Fcourses%2F175&_=1449128664346
INFO: [ app_init ] --START--
INFO: Run Behavior\BuildLiteBehavior [ RunTime:0.000022s ]
INFO: [ app_init ] --END-- [ RunTime:0.000433s ]
INFO: [ app_begin ] --START--
INFO: Run Behavior\ReadHtmlCacheBehavior [ RunTime:0.000665s ]
INFO: [ app_begin ] --END-- [ RunTime:0.000755s ]
NOTIC: [2] file_get_contents() [<a href='function.file-get-contents'>function.file-get-contents</a>]: Unable to find the wrapper &quot;https&quot; - did you forget to enable it when you configured PHP? C:\wamp\www\demo\webbookmarker\Application\Home\Controller\simple_html_dom.php 第 76 行.
NOTIC: [2] file_get_contents(https://www.shiyanlou.com/courses/175) [<a href='function.file-get-contents'>function.file-get-contents</a>]: failed to open stream: Invalid argument C:\wamp\www\demo\webbookmarker\Application\Home\Controller\simple_html_dom.php 第 76 行.
INFO: [ app_end ] --START--
INFO: Run Behavior\ShowPageTraceBehavior [ RunTime:0.000610s ]
INFO: [ app_end ] --END-- [ RunTime:0.000697s ]

[ 2015-12-03T15:44:34+08:00 ] 127.0.0.1 /demo/webbookmarker/index.php/Home/BookMarker/Add?title=&url=https%3A%2F%2Fwww.shiyanlou.com&_=1449128674065
INFO: [ app_init ] --START--
INFO: Run Behavior\BuildLiteBehavior [ RunTime:0.000033s ]
INFO: [ app_init ] --END-- [ RunTime:0.000467s ]
INFO: [ app_begin ] --START--
INFO: Run Behavior\ReadHtmlCacheBehavior [ RunTime:0.000593s ]
INFO: [ app_begin ] --END-- [ RunTime:0.000701s ]
NOTIC: [2] file_get_contents() [<a href='function.file-get-contents'>function.file-get-contents</a>]: Unable to find the wrapper &quot;https&quot; - did you forget to enable it when you configured PHP? C:\wamp\www\demo\webbookmarker\Application\Home\Controller\simple_html_dom.php 第 76 行.
NOTIC: [2] file_get_contents(https://www.shiyanlou.com) [<a href='function.file-get-contents'>function.file-get-contents</a>]: failed to open stream: Invalid argument C:\wamp\www\demo\webbookmarker\Application\Home\Controller\simple_html_dom.php 第 76 行.
INFO: [ app_end ] --START--
INFO: Run Behavior\ShowPageTraceBehavior [ RunTime:0.000666s ]
INFO: [ app_end ] --END-- [ RunTime:0.000751s ]

[ 2015-12-03T15:44:42+08:00 ] 127.0.0.1 /demo/webbookmarker/index.php/Home/BookMarker/Add?title=&url=http%3A%2F%2Fwww.shiyanlou.com&_=1449128681938
INFO: [ app_init ] --START--
INFO: Run Behavior\BuildLiteBehavior [ RunTime:0.000022s ]
INFO: [ app_init ] --END-- [ RunTime:0.000480s ]
INFO: [ app_begin ] --START--
INFO: Run Behavior\ReadHtmlCacheBehavior [ RunTime:0.001224s ]
INFO: [ app_begin ] --END-- [ RunTime:0.001407s ]
NOTIC: [2] file_get_contents(http://www.shiyanlou.com) [<a href='function.file-get-contents'>function.file-get-contents</a>]: failed to open stream: Unable to find the socket transport &quot;ssl&quot; - did you forget to enable it when you configured PHP? C:\wamp\www\demo\webbookmarker\Application\Home\Controller\simple_html_dom.php 第 76 行.
INFO: [ app_end ] --START--
INFO: Run Behavior\ShowPageTraceBehavior [ RunTime:0.000731s ]
INFO: [ app_end ] --END-- [ RunTime:0.000837s ]

[ 2015-12-03T15:44:58+08:00 ] 127.0.0.1 /demo/webbookmarker/index.php/Home/BookMarker/Add?title=&url=http%3A%2F%2Fwww.liaoxuefeng.com%2Fwiki%2F0014316089557264a6b348958f449949df42a6d3a2e542c000%2F001431843456408652233b88b424613aa8ec2fe032fd85a000&_=1449128697585
INFO: [ app_init ] --START--
INFO: Run Behavior\BuildLiteBehavior [ RunTime:0.000022s ]
INFO: [ app_init ] --END-- [ RunTime:0.000471s ]
INFO: [ app_begin ] --START--
INFO: Run Behavior\ReadHtmlCacheBehavior [ RunTime:0.000702s ]
INFO: [ app_begin ] --END-- [ RunTime:0.000793s ]
NOTIC: [8] Trying to get property of non-object C:\wamp\www\demo\webbookmarker\Application\Home\Controller\BookMarkerController.class.php 第 67 行.
NOTIC: [8] Trying to get property of non-object C:\wamp\www\demo\webbookmarker\Application\Home\Controller\BookMarkerController.class.php 第 69 行.
NOTIC: [8] Undefined index: icon C:\wamp\www\demo\webbookmarker\Application\Home\Controller\BookMarkerController.class.php 第 83 行.
SQL: SHOW COLUMNS FROM `web_marker` [ RunTime:0.0043s ]
SQL: INSERT INTO `web_marker` (`title`,`href`,`icon`,`id`) VALUES ('匿名函数 - 廖雪峰的官方网站','http://www.liaoxuefeng.com/wiki/0014316089557264a6b348958f449949df42a6d3a2e542c000/001431843456408652233b88b424613aa8ec2fe032fd85a000','http://su.bdimg.com/icon/6000.png',NULL) [ RunTime:0.0004s ]
INFO: [ app_end ] --START--
INFO: Run Behavior\ShowPageTraceBehavior [ RunTime:0.000630s ]
INFO: [ app_end ] --END-- [ RunTime:0.000715s ]

[ 2015-12-03T15:45:20+08:00 ] 127.0.0.1 /demo/webbookmarker/index.php/Home/BookMarker/Search?keyworld=baidu+&_=1449128720810
INFO: [ app_init ] --START--
INFO: Run Behavior\BuildLiteBehavior [ RunTime:0.000024s ]
INFO: [ app_init ] --END-- [ RunTime:0.000505s ]
INFO: [ app_begin ] --START--
INFO: Run Behavior\ReadHtmlCacheBehavior [ RunTime:0.000713s ]
INFO: [ app_begin ] --END-- [ RunTime:0.000813s ]
SQL: SHOW COLUMNS FROM `web_marker` [ RunTime:0.0054s ]
SQL: SELECT * FROM `web_marker` WHERE `title` LIKE '%baidu %'  [ RunTime:0.0231s ]
INFO: [ app_end ] --START--
INFO: Run Behavior\ShowPageTraceBehavior [ RunTime:0.001658s ]
INFO: [ app_end ] --END-- [ RunTime:0.001836s ]

[ 2015-12-03T15:45:37+08:00 ] 127.0.0.1 /demo/webbookmarker/index.php/Home/BookMarker/Add?title=&url=http%3A%2F%2Fwww.baidu.com&_=1449128737681
INFO: [ app_init ] --START--
INFO: Run Behavior\BuildLiteBehavior [ RunTime:0.000021s ]
INFO: [ app_init ] --END-- [ RunTime:0.000429s ]
INFO: [ app_begin ] --START--
INFO: Run Behavior\ReadHtmlCacheBehavior [ RunTime:0.000785s ]
INFO: [ app_begin ] --END-- [ RunTime:0.000889s ]
NOTIC: [8] Trying to get property of non-object C:\wamp\www\demo\webbookmarker\Application\Home\Controller\BookMarkerController.class.php 第 67 行.
NOTIC: [8] Trying to get property of non-object C:\wamp\www\demo\webbookmarker\Application\Home\Controller\BookMarkerController.class.php 第 69 行.
NOTIC: [8] Undefined index: icon C:\wamp\www\demo\webbookmarker\Application\Home\Controller\BookMarkerController.class.php 第 83 行.
SQL: SHOW COLUMNS FROM `web_marker` [ RunTime:0.0048s ]
SQL: INSERT INTO `web_marker` (`title`,`href`,`icon`,`id`) VALUES ('百度一下，你就知道','http://www.baidu.com','http://su.bdimg.com/icon/6000.png',NULL) [ RunTime:0.0005s ]
INFO: [ app_end ] --START--
INFO: Run Behavior\ShowPageTraceBehavior [ RunTime:0.000650s ]
INFO: [ app_end ] --END-- [ RunTime:0.000737s ]

[ 2015-12-03T15:45:43+08:00 ] 127.0.0.1 /demo/webbookmarker/index.php/Home/BookMarker/Search?keyworld=baidu&_=1449128742993
INFO: [ app_init ] --START--
INFO: Run Behavior\BuildLiteBehavior [ RunTime:0.000021s ]
INFO: [ app_init ] --END-- [ RunTime:0.000399s ]
INFO: [ app_begin ] --START--
INFO: Run Behavior\ReadHtmlCacheBehavior [ RunTime:0.000816s ]
INFO: [ app_begin ] --END-- [ RunTime:0.000973s ]
SQL: SHOW COLUMNS FROM `web_marker` [ RunTime:0.0049s ]
SQL: SELECT * FROM `web_marker` WHERE `title` LIKE '%baidu%'  [ RunTime:0.0699s ]
INFO: [ app_end ] --START--
INFO: Run Behavior\ShowPageTraceBehavior [ RunTime:0.001048s ]
INFO: [ app_end ] --END-- [ RunTime:0.001146s ]

[ 2015-12-03T15:45:49+08:00 ] 127.0.0.1 /demo/webbookmarker/index.php/Home/BookMarker/Search?keyworld=%E7%99%BE%E5%BA%A6&_=1449128749145
INFO: [ app_init ] --START--
INFO: Run Behavior\BuildLiteBehavior [ RunTime:0.000024s ]
INFO: [ app_init ] --END-- [ RunTime:0.000478s ]
INFO: [ app_begin ] --START--
INFO: Run Behavior\ReadHtmlCacheBehavior [ RunTime:0.000721s ]
INFO: [ app_begin ] --END-- [ RunTime:0.000823s ]
SQL: SHOW COLUMNS FROM `web_marker` [ RunTime:0.0046s ]
SQL: SELECT * FROM `web_marker` WHERE `title` LIKE '%百度%'  [ RunTime:0.0004s ]
INFO: [ app_end ] --START--
INFO: Run Behavior\ShowPageTraceBehavior [ RunTime:0.000604s ]
INFO: [ app_end ] --END-- [ RunTime:0.000689s ]

[ 2015-12-03T15:45:52+08:00 ] 127.0.0.1 /demo/webbookmarker/index.php/Home/BookMarker/ShowAll
INFO: [ app_init ] --START--
INFO: Run Behavior\BuildLiteBehavior [ RunTime:0.000022s ]
INFO: [ app_init ] --END-- [ RunTime:0.000754s ]
INFO: [ app_begin ] --START--
INFO: Run Behavior\ReadHtmlCacheBehavior [ RunTime:0.000876s ]
INFO: [ app_begin ] --END-- [ RunTime:0.001007s ]
SQL: SHOW COLUMNS FROM `web_marker` [ RunTime:0.0043s ]
SQL: SELECT * FROM `web_marker`  [ RunTime:0.0003s ]
INFO: [ app_end ] --START--
INFO: Run Behavior\ShowPageTraceBehavior [ RunTime:0.000660s ]
INFO: [ app_end ] --END-- [ RunTime:0.000769s ]

[ 2015-12-03T15:51:22+08:00 ] 127.0.0.1 /demo/webbookmarker/
INFO: [ app_init ] --START--
INFO: Run Behavior\BuildLiteBehavior [ RunTime:0.000022s ]
INFO: [ app_init ] --END-- [ RunTime:0.000668s ]
INFO: [ app_begin ] --START--
INFO: Run Behavior\ReadHtmlCacheBehavior [ RunTime:0.001007s ]
INFO: [ app_begin ] --END-- [ RunTime:0.001153s ]
INFO: [ view_parse ] --START--
INFO: Run Behavior\ParseTemplateBehavior [ RunTime:0.004085s ]
INFO: [ view_parse ] --END-- [ RunTime:0.004232s ]
INFO: [ view_filter ] --START--
INFO: Run Behavior\WriteHtmlCacheBehavior [ RunTime:0.006109s ]
INFO: [ view_filter ] --END-- [ RunTime:0.006240s ]
INFO: [ app_end ] --START--
INFO: Run Behavior\ShowPageTraceBehavior [ RunTime:0.001304s ]
INFO: [ app_end ] --END-- [ RunTime:0.001413s ]

[ 2015-12-03T15:51:31+08:00 ] 127.0.0.1 /demo/webbookmarker/index.php
INFO: [ app_init ] --START--
INFO: Run Behavior\BuildLiteBehavior [ RunTime:0.000028s ]
INFO: [ app_init ] --END-- [ RunTime:0.000564s ]
INFO: [ app_begin ] --START--
INFO: Run Behavior\ReadHtmlCacheBehavior [ RunTime:0.000810s ]
INFO: [ app_begin ] --END-- [ RunTime:0.000939s ]
INFO: [ view_parse ] --START--
INFO: Run Behavior\ParseTemplateBehavior [ RunTime:0.000446s ]
INFO: [ view_parse ] --END-- [ RunTime:0.000632s ]
INFO: [ view_filter ] --START--
INFO: Run Behavior\WriteHtmlCacheBehavior [ RunTime:0.000504s ]
INFO: [ view_filter ] --END-- [ RunTime:0.000695s ]
INFO: [ app_end ] --START--
INFO: Run Behavior\ShowPageTraceBehavior [ RunTime:0.000955s ]
INFO: [ app_end ] --END-- [ RunTime:0.001123s ]

